2024/12/01 14:38:30 INFO  - jmeter.util.JMeterUtils: Setting Locale to es_ES 
2024/12/01 14:38:31 INFO  - jmeter.util.JMeterUtils: Could not find resources for 'es_ES', using 'es' 
2024/12/01 14:38:31 INFO  - jmeter.JMeter: Loading user properties from: /usr/share/jmeter/bin/user.properties 
2024/12/01 14:38:31 INFO  - jmeter.JMeter: Loading system properties from: /usr/share/jmeter/bin/system.properties 
2024/12/01 14:38:31 INFO  - jmeter.JMeter: Copyright (c) 1998-2015 The Apache Software Foundation 
2024/12/01 14:38:31 INFO  - jmeter.JMeter: Version 2.13.20180731 
2024/12/01 14:38:31 INFO  - jmeter.JMeter: java.version=11.0.25 
2024/12/01 14:38:31 INFO  - jmeter.JMeter: java.vm.name=OpenJDK 64-Bit Server VM 
2024/12/01 14:38:31 INFO  - jmeter.JMeter: os.name=Linux 
2024/12/01 14:38:31 INFO  - jmeter.JMeter: os.arch=amd64 
2024/12/01 14:38:31 INFO  - jmeter.JMeter: os.version=5.4.0-200-generic 
2024/12/01 14:38:31 INFO  - jmeter.JMeter: file.encoding=UTF-8 
2024/12/01 14:38:31 INFO  - jmeter.JMeter: Default Locale=espa単ol (Espa単a) 
2024/12/01 14:38:31 INFO  - jmeter.JMeter: JMeter  Locale=espa単ol (Espa単a) 
2024/12/01 14:38:31 INFO  - jmeter.JMeter: JMeterHome=/usr/share/jmeter 
2024/12/01 14:38:31 INFO  - jmeter.JMeter: user.dir  =/home/estudiante/Caso4 
2024/12/01 14:38:31 INFO  - jmeter.JMeter: PWD       =/home/estudiante/Caso4 
2024/12/01 14:38:31 INFO  - jmeter.JMeter: IP: 127.0.1.1 Name: admonsis-vm FullName: admonsis-vm 
2024/12/01 14:38:31 INFO  - jmeter.services.FileServer: Default base='/home/estudiante/Caso4' 
2024/12/01 14:38:31 INFO  - jmeter.services.FileServer: Set new base='/home/estudiante/Caso4' 
2024/12/01 14:38:31 INFO  - jmeter.save.SaveService: Testplan (JMX) version: 2.2. Testlog (JTL) version: 2.2 
2024/12/01 14:38:31 INFO  - jmeter.save.SaveService: Using SaveService properties version 2.8 
2024/12/01 14:38:31 INFO  - jmeter.save.SaveService: Using SaveService properties file version 1656252 
2024/12/01 14:38:31 INFO  - jmeter.save.SaveService: Using SaveService properties file encoding UTF-8 
2024/12/01 14:38:31 INFO  - jmeter.save.SaveService: All converter versions present and correct 
2024/12/01 14:38:31 INFO  - jmeter.save.SaveService: Loading file: HTTP.jmx 
2024/12/01 14:38:31 INFO  - jmeter.protocol.http.sampler.HTTPSamplerBase: Cannot find .className property for htmlParser, using default 
2024/12/01 14:38:31 INFO  - jmeter.protocol.http.sampler.HTTPSamplerBase: Parser for text/html is  
2024/12/01 14:38:31 INFO  - jmeter.protocol.http.sampler.HTTPSamplerBase: Parser for application/xhtml+xml is  
2024/12/01 14:38:31 INFO  - jmeter.protocol.http.sampler.HTTPSamplerBase: Parser for application/xml is  
2024/12/01 14:38:31 INFO  - jmeter.protocol.http.sampler.HTTPSamplerBase: Parser for text/xml is  
2024/12/01 14:38:31 INFO  - jmeter.protocol.http.sampler.HTTPSamplerBase: Parser for text/vnd.wap.wml is org.apache.jmeter.protocol.http.parser.RegexpHTMLParser 
2024/12/01 14:38:31 INFO  - jmeter.JMeter: Creating summariser <summary> 
2024/12/01 14:38:31 INFO  - jmeter.engine.StandardJMeterEngine: Listeners will be started after enabling running version 
2024/12/01 14:38:31 INFO  - jmeter.engine.StandardJMeterEngine: To revert to the earlier behaviour, define jmeterengine.startlistenerslater=false 
2024/12/01 14:38:31 INFO  - jmeter.engine.StandardJMeterEngine: Running the test! 
2024/12/01 14:38:31 INFO  - jmeter.samplers.SampleEvent: List of sample_variables: [] 
2024/12/01 14:38:31 INFO  - jmeter.samplers.SampleEvent: List of sample_variables: [] 
2024/12/01 14:38:31 INFO  - jmeter.engine.util.CompoundVariable: Note: Function class names must contain the string: '.functions.' 
2024/12/01 14:38:31 INFO  - jmeter.engine.util.CompoundVariable: Note: Function class names must not contain the string: '.gui.' 
2024/12/01 14:38:31 INFO  - jmeter.JMeter: Test lanzado (1733081911564) 
2024/12/01 14:38:31 INFO  - jmeter.engine.StandardJMeterEngine: Starting ThreadGroup: 1 : Thread Group 
2024/12/01 14:38:31 INFO  - jmeter.engine.StandardJMeterEngine: Starting 1 threads for group Thread Group. 
2024/12/01 14:38:31 INFO  - jmeter.engine.StandardJMeterEngine: Thread will continue on error 
2024/12/01 14:38:31 INFO  - jmeter.threads.ThreadGroup: Starting thread group number 1 threads 1 ramp-up 1 perThread 1000.0 delayedStart=false 
2024/12/01 14:38:31 INFO  - jmeter.threads.JMeterThread: jmeterthread.startearlier=true (see jmeter.properties) 
2024/12/01 14:38:31 INFO  - jmeter.threads.JMeterThread: Running PostProcessors in forward order 
2024/12/01 14:38:31 INFO  - jmeter.threads.ThreadGroup: Started thread group number 1 
2024/12/01 14:38:31 INFO  - jmeter.engine.StandardJMeterEngine: All thread groups have been started 
2024/12/01 14:38:31 INFO  - jmeter.threads.JMeterThread: Thread started: Thread Group 1-1 
2024/12/01 14:38:31 INFO  - jmeter.protocol.http.sampler.HTTPHCAbstractImpl: Local host = admonsis-vm 
2024/12/01 14:38:31 INFO  - jmeter.protocol.http.sampler.HTTPHC4Impl: HTTP request retry count = 0 
2024/12/01 14:38:31 INFO  - jmeter.protocol.http.sampler.HTTPHC4Impl: Setting up HTTPS TrustAll scheme 
2024/12/01 14:38:31 INFO  - jmeter.util.JsseSSLManager: Using default SSL protocol: TLS 
2024/12/01 14:38:31 INFO  - jmeter.util.JsseSSLManager: SSL session context: per-thread 
2024/12/01 14:38:32 INFO  - jmeter.samplers.SampleResult: Note: Sample TimeStamps are START times 
2024/12/01 14:38:32 INFO  - jmeter.samplers.SampleResult: sampleresult.default.encoding is set to ISO-8859-1 
2024/12/01 14:38:32 INFO  - jmeter.samplers.SampleResult: sampleresult.useNanoTime=true 
2024/12/01 14:38:32 INFO  - jmeter.samplers.SampleResult: sampleresult.nanoThreadSleep=5000 
2024/12/01 14:38:32 INFO  - jmeter.reporters.Summariser: summary +      1 in     1s =    1,7/s Avg:   100 Min:   100 Max:   100 Err:     0 (0,00%) Active: 1 Started: 1 Finished: 0 
2024/12/01 14:38:32 INFO  - jmeter.threads.JMeterThread: Thread is done: Thread Group 1-1 
2024/12/01 14:38:32 INFO  - jmeter.threads.JMeterThread: Thread finished: Thread Group 1-1 
2024/12/01 14:38:32 INFO  - jmeter.engine.StandardJMeterEngine: Notifying test listeners of end of test 
2024/12/01 14:38:32 INFO  - jmeter.reporters.Summariser: summary =      1 in     1s =    1,7/s Avg:   100 Min:   100 Max:   100 Err:     0 (0,00%) 
